
TAC (Three Address Code) 

100:   label main
101:   t0 = 10
102:   n = t0
103:   param n
104:   call t1
105:   r = t1
106:   t3 = 0
107:   return t3

________________________________________________________________________________________________________________________
Table Name: Global						 Parent Name: NULL
________________________________________________________________________________________________________________________
Name               Type               Initial Value               Size               Offset               Nested                    
main              int                    -                         4                   0                   main                    
------------------------------------------------------------------------------------------------------------------------
________________________________________________________________________________________________________________________
Table Name: main						 Parent Name: Global
________________________________________________________________________________________________________________________
Name               Type               Initial Value               Size               Offset               Nested                    
return            int                    -                         4                   0                   NULL                    
n                 int                    10                        4                   4                   NULL                    
t0                int                    10                        4                   8                   NULL                    
r                 int                    -                         4                   12                  NULL                    
fibonacci         int                    -                         4                   16                  NULL                    
t1                int                                              4                   20                  NULL                    
t2                int                                              4                   24                  NULL                    
t3                int                    0                         4                   28                  NULL                    
------------------------------------------------------------------------------------------------------------------------

